<?xml version="1.0" encoding="UTF-8"?>
<testng-results ignored="0" total="1" passed="1" failed="0" skipped="0">
  <reporter-output>
  </reporter-output>
  <suite started-at="2021-10-21T00:06:23 IST" name="Default suite" finished-at="2021-10-21T00:08:41 IST" duration-ms="137783">
    <groups>
    </groups>
    <test started-at="2021-10-21T00:06:23 IST" name="Default test" finished-at="2021-10-21T00:08:41 IST" duration-ms="137783">
      <class name="com.via.tests.Tc_01_ViaFlightBookingValidation">
        <test-method is-config="true" signature="beforeTest()[pri:0, instance:com.via.tests.Tc_01_ViaFlightBookingValidation@4de4b452]" started-at="2021-10-21T00:06:23 IST" name="beforeTest" finished-at="2021-10-21T00:06:25 IST" duration-ms="2457" status="PASS">
          <reporter-output>
          </reporter-output>
        </test-method> <!-- beforeTest -->
        <test-method signature="f()[pri:0, instance:com.via.tests.Tc_01_ViaFlightBookingValidation@4de4b452]" started-at="2021-10-21T00:06:26 IST" name="f" finished-at="2021-10-21T00:08:41 IST" duration-ms="135111" status="PASS">
          <reporter-output>
          </reporter-output>
        </test-method> <!-- f -->
        <test-method is-config="true" signature="afterTest()[pri:0, instance:com.via.tests.Tc_01_ViaFlightBookingValidation@4de4b452]" started-at="2021-10-21T00:08:41 IST" name="afterTest" finished-at="2021-10-21T00:08:41 IST" duration-ms="145" status="PASS">
          <reporter-output>
          </reporter-output>
        </test-method> <!-- afterTest -->
      </class> <!-- com.via.tests.Tc_01_ViaFlightBookingValidation -->
    </test> <!-- Default test -->
  </suite> <!-- Default suite -->
</testng-results>
